# JRE version: Java(TM) SE Runtime Environment (17.0.12+8) (build 17.0.12+8-LTS-286)
# Java VM: Java HotSpot(TM) 64-Bit Server VM (17.0.12+8-LTS-286, mixed mode, sharing, tiered, compressed oops, compressed class ptrs, g1 gc, windows-amd64)
GC Precious Log:
 CPUs: 4 total, 4 available
 Memory: 8151M
 Large Page Support: Disabled
 NUMA Support: Disabled
 Compressed Oops: Enabled (Zero based)
 Heap Region Size: 2M
 Heap Min Capacity: 8M
 Heap Initial Capacity: 128M
 Heap Max Capacity: 4G
 Pre-touch: Disabled
 Parallel Workers: 4
 Concurrent Workers: 1
 Concurrent Refinement Workers: 4
 Periodic GC: Disabled
Heap:
 garbage-first heap   total 413696K, used 258376K [0x0000000700000000, 0x0000000800000000)
  region size 2048K, 71 young (145408K), 2 survivors (4096K)
 Metaspace       used 133520K, committed 134592K, reserved 1179648K
  class space    used 16808K, committed 17344K, reserved 1048576K
GC Heap History (20 events):
Event: 58.861 GC heap before
{Heap before GC invocations=46 (full 0):
 garbage-first heap   total 194560K, used 147832K [0x0000000700000000, 0x0000000800000000)
  region size 2048K, 22 young (45056K), 2 survivors (4096K)
 Metaspace       used 114659K, committed 115392K, reserved 1179648K
  class space    used 14716K, committed 15040K, reserved 1048576K
}
Event: 58.870 GC heap after
{Heap after GC invocations=47 (full 0):
 garbage-first heap   total 194560K, used 111169K [0x0000000700000000, 0x0000000800000000)
  region size 2048K, 3 young (6144K), 3 survivors (6144K)
 Metaspace       used 114659K, committed 115392K, reserved 1179648K
  class space    used 14716K, committed 15040K, reserved 1048576K
}
Event: 58.882 GC heap before
{Heap before GC invocations=47 (full 0):
 garbage-first heap   total 194560K, used 113217K [0x0000000700000000, 0x0000000800000000)
  region size 2048K, 4 young (8192K), 3 survivors (6144K)
 Metaspace       used 114660K, committed 115392K, reserved 1179648K
  class space    used 14716K, committed 15040K, reserved 1048576K
}
Event: 58.890 GC heap after
{Heap after GC invocations=48 (full 0):
 garbage-first heap   total 194560K, used 105770K [0x0000000700000000, 0x0000000800000000)
  region size 2048K, 1 young (2048K), 1 survivors (2048K)
 Metaspace       used 114660K, committed 115392K, reserved 1179648K
  class space    used 14716K, committed 15040K, reserved 1048576K
}
Event: 61.205 GC heap before
{Heap before GC invocations=48 (full 0):
 garbage-first heap   total 194560K, used 156970K [0x0000000700000000, 0x0000000800000000)
  region size 2048K, 26 young (53248K), 1 survivors (2048K)
 Metaspace       used 117467K, committed 118336K, reserved 1179648K
  class space    used 15022K, committed 15424K, reserved 1048576K
}
Event: 61.212 GC heap after
{Heap after GC invocations=49 (full 0):
 garbage-first heap   total 194560K, used 109368K [0x0000000700000000, 0x0000000800000000)
  region size 2048K, 3 young (6144K), 3 survivors (6144K)
 Metaspace       used 117467K, committed 118336K, reserved 1179648K
  class space    used 15022K, committed 15424K, reserved 1048576K
}
Event: 63.942 GC heap before
{Heap before GC invocations=50 (full 0):
 garbage-first heap   total 198656K, used 156472K [0x0000000700000000, 0x0000000800000000)
  region size 2048K, 26 young (53248K), 3 survivors (6144K)
 Metaspace       used 121743K, committed 122560K, reserved 1179648K
  class space    used 15763K, committed 16128K, reserved 1048576K
}
Event: 63.951 GC heap after
{Heap after GC invocations=51 (full 0):
 garbage-first heap   total 198656K, used 111662K [0x0000000700000000, 0x0000000800000000)
  region size 2048K, 2 young (4096K), 2 survivors (4096K)
 Metaspace       used 121743K, committed 122560K, reserved 1179648K
  class space    used 15763K, committed 16128K, reserved 1048576K
}
Event: 64.093 GC heap before
{Heap before GC invocations=51 (full 0):
 garbage-first heap   total 198656K, used 115758K [0x0000000700000000, 0x0000000800000000)
  region size 2048K, 4 young (8192K), 2 survivors (4096K)
 Metaspace       used 122250K, committed 123072K, reserved 1179648K
  class space    used 15833K, committed 16192K, reserved 1048576K
}
Event: 64.102 GC heap after
{Heap after GC invocations=52 (full 0):
 garbage-first heap   total 198656K, used 102273K [0x0000000700000000, 0x0000000800000000)
  region size 2048K, 1 young (2048K), 1 survivors (2048K)
 Metaspace       used 122250K, committed 123072K, reserved 1179648K
  class space    used 15833K, committed 16192K, reserved 1048576K
}
Event: 65.357 GC heap before
{Heap before GC invocations=52 (full 0):
 garbage-first heap   total 198656K, used 132993K [0x0000000700000000, 0x0000000800000000)
  region size 2048K, 18 young (36864K), 1 survivors (2048K)
 Metaspace       used 124693K, committed 125504K, reserved 1179648K
  class space    used 16062K, committed 16448K, reserved 1048576K
}
Event: 65.360 GC heap after
{Heap after GC invocations=53 (full 0):
 garbage-first heap   total 198656K, used 102448K [0x0000000700000000, 0x0000000800000000)
  region size 2048K, 1 young (2048K), 1 survivors (2048K)
 Metaspace       used 124693K, committed 125504K, reserved 1179648K
  class space    used 16062K, committed 16448K, reserved 1048576K
}
Event: 66.510 GC heap before
{Heap before GC invocations=54 (full 0):
 garbage-first heap   total 204800K, used 167984K [0x0000000700000000, 0x0000000800000000)
  region size 2048K, 31 young (63488K), 1 survivors (2048K)
 Metaspace       used 124866K, committed 125696K, reserved 1179648K
  class space    used 16063K, committed 16448K, reserved 1048576K
}
Event: 66.523 GC heap after
{Heap after GC invocations=55 (full 0):
 garbage-first heap   total 204800K, used 112680K [0x0000000700000000, 0x0000000800000000)
  region size 2048K, 4 young (8192K), 4 survivors (8192K)
 Metaspace       used 124866K, committed 125696K, reserved 1179648K
  class space    used 16063K, committed 16448K, reserved 1048576K
}
Event: 66.528 GC heap before
{Heap before GC invocations=55 (full 0):
 garbage-first heap   total 204800K, used 112680K [0x0000000700000000, 0x0000000800000000)
  region size 2048K, 5 young (10240K), 4 survivors (8192K)
 Metaspace       used 124866K, committed 125696K, reserved 1179648K
  class space    used 16063K, committed 16448K, reserved 1048576K
}
Event: 66.542 GC heap after
{Heap after GC invocations=56 (full 0):
 garbage-first heap   total 413696K, used 105395K [0x0000000700000000, 0x0000000800000000)
  region size 2048K, 1 young (2048K), 1 survivors (2048K)
 Metaspace       used 124866K, committed 125696K, reserved 1179648K
  class space    used 16063K, committed 16448K, reserved 1048576K
}
Event: 75.690 GC heap before
{Heap before GC invocations=56 (full 0):
 garbage-first heap   total 413696K, used 328627K [0x0000000700000000, 0x0000000800000000)
  region size 2048K, 111 young (227328K), 1 survivors (2048K)
 Metaspace       used 129065K, committed 129920K, reserved 1179648K
  class space    used 16411K, committed 16832K, reserved 1048576K
}
Event: 75.704 GC heap after
{Heap after GC invocations=57 (full 0):
 garbage-first heap   total 413696K, used 120039K [0x0000000700000000, 0x0000000800000000)
  region size 2048K, 8 young (16384K), 8 survivors (16384K)
 Metaspace       used 129065K, committed 129920K, reserved 1179648K
  class space    used 16411K, committed 16832K, reserved 1048576K
}
Event: 111.676 GC heap before
{Heap before GC invocations=57 (full 0):
 garbage-first heap   total 413696K, used 316647K [0x0000000700000000, 0x0000000800000000)
  region size 2048K, 105 young (215040K), 8 survivors (16384K)
 Metaspace       used 132068K, committed 132992K, reserved 1179648K
  class space    used 16681K, committed 17088K, reserved 1048576K
}
Event: 111.687 GC heap after
{Heap after GC invocations=58 (full 0):
 garbage-first heap   total 413696K, used 119112K [0x0000000700000000, 0x0000000800000000)
  region size 2048K, 2 young (4096K), 2 survivors (4096K)
 Metaspace       used 132068K, committed 132992K, reserved 1179648K
  class space    used 16681K, committed 17088K, reserved 1048576K
}

