# JRE version: Java(TM) SE Runtime Environment (21.0.6+8) (build 21.0.6+8-LTS-188)
# Java VM: Java HotSpot(TM) 64-Bit Server VM (21.0.6+8-LTS-188, mixed mode, sharing, tiered, compressed oops, compressed class ptrs, g1 gc, windows-amd64)
GC Precious Log:
 CardTable entry size: 512
 Card Set container configuration: InlinePtr #cards 4 size 8 Array Of Cards #cards 16 size 48 Howl #buckets 8 coarsen threshold 3686 Howl Bitmap #cards 512 size 80 coarsen threshold 460 Card regions per heap region 1 cards per card region 4096
 CPUs: 4 total, 4 available
 Memory: 8151M
 Large Page Support: Disabled
 NUMA Support: Disabled
 Compressed Oops: Enabled (Zero based)
 Heap Region Size: 2M
 Heap Min Capacity: 8M
 Heap Initial Capacity: 128M
 Heap Max Capacity: 4G
 Pre-touch: Disabled
 Parallel Workers: 4
 Concurrent Workers: 1
 Concurrent Refinement Workers: 4
 Periodic GC: Disabled
Heap:
 garbage-first heap   total 243712K, used 167349K [0x0000000700000000, 0x0000000800000000)
  region size 2048K, 26 young (53248K), 6 survivors (12288K)
 Metaspace       used 122152K, committed 124800K, reserved 1179648K
  class space    used 15713K, committed 17024K, reserved 1048576K
GC Heap History (20 events):
Event: 47.658 GC heap before
{Heap before GC invocations=30 (full 0):
 garbage-first heap   total 137216K, used 120194K [0x0000000700000000, 0x0000000800000000)
  region size 2048K, 22 young (45056K), 3 survivors (6144K)
 Metaspace       used 105369K, committed 107776K, reserved 1179648K
  class space    used 14243K, committed 15424K, reserved 1048576K
}
Event: 47.665 GC heap after
{Heap after GC invocations=31 (full 0):
 garbage-first heap   total 137216K, used 85566K [0x0000000700000000, 0x0000000800000000)
  region size 2048K, 2 young (4096K), 2 survivors (4096K)
 Metaspace       used 105369K, committed 107776K, reserved 1179648K
  class space    used 14243K, committed 15424K, reserved 1048576K
}
Event: 49.868 GC heap before
{Heap before GC invocations=32 (full 0):
 garbage-first heap   total 151552K, used 120382K [0x0000000700000000, 0x0000000800000000)
  region size 2048K, 19 young (38912K), 2 survivors (4096K)
 Metaspace       used 111102K, committed 113472K, reserved 1179648K
  class space    used 14751K, committed 15936K, reserved 1048576K
}
Event: 49.871 GC heap after
{Heap after GC invocations=33 (full 0):
 garbage-first heap   total 151552K, used 86192K [0x0000000700000000, 0x0000000800000000)
  region size 2048K, 2 young (4096K), 2 survivors (4096K)
 Metaspace       used 111102K, committed 113472K, reserved 1179648K
  class space    used 14751K, committed 15936K, reserved 1048576K
}
Event: 52.265 GC heap before
{Heap before GC invocations=33 (full 0):
 garbage-first heap   total 151552K, used 133296K [0x0000000700000000, 0x0000000800000000)
  region size 2048K, 26 young (53248K), 2 survivors (4096K)
 Metaspace       used 114843K, committed 117376K, reserved 1179648K
  class space    used 15186K, committed 16448K, reserved 1048576K
}
Event: 52.276 GC heap after
{Heap after GC invocations=34 (full 0):
 garbage-first heap   total 151552K, used 91374K [0x0000000700000000, 0x0000000800000000)
  region size 2048K, 4 young (8192K), 4 survivors (8192K)
 Metaspace       used 114843K, committed 117376K, reserved 1179648K
  class space    used 15186K, committed 16448K, reserved 1048576K
}
Event: 52.886 GC heap before
{Heap before GC invocations=34 (full 0):
 garbage-first heap   total 151552K, used 132334K [0x0000000700000000, 0x0000000800000000)
  region size 2048K, 24 young (49152K), 4 survivors (8192K)
 Metaspace       used 115223K, committed 117696K, reserved 1179648K
  class space    used 15202K, committed 16448K, reserved 1048576K
}
Event: 52.896 GC heap after
{Heap after GC invocations=35 (full 0):
 garbage-first heap   total 151552K, used 95759K [0x0000000700000000, 0x0000000800000000)
  region size 2048K, 3 young (6144K), 3 survivors (6144K)
 Metaspace       used 115223K, committed 117696K, reserved 1179648K
  class space    used 15202K, committed 16448K, reserved 1048576K
}
Event: 55.206 GC heap before
{Heap before GC invocations=36 (full 0):
 garbage-first heap   total 167936K, used 132623K [0x0000000700000000, 0x0000000800000000)
  region size 2048K, 21 young (43008K), 3 survivors (6144K)
 Metaspace       used 116061K, committed 118592K, reserved 1179648K
  class space    used 15253K, committed 16512K, reserved 1048576K
}
Event: 55.215 GC heap after
{Heap after GC invocations=37 (full 0):
 garbage-first heap   total 167936K, used 100670K [0x0000000700000000, 0x0000000800000000)
  region size 2048K, 3 young (6144K), 3 survivors (6144K)
 Metaspace       used 116061K, committed 118592K, reserved 1179648K
  class space    used 15253K, committed 16512K, reserved 1048576K
}
Event: 91.580 GC heap before
{Heap before GC invocations=37 (full 0):
 garbage-first heap   total 167936K, used 149822K [0x0000000700000000, 0x0000000800000000)
  region size 2048K, 27 young (55296K), 3 survivors (6144K)
 Metaspace       used 120247K, committed 122816K, reserved 1179648K
  class space    used 15673K, committed 16960K, reserved 1048576K
}
Event: 91.590 GC heap after
{Heap after GC invocations=38 (full 0):
 garbage-first heap   total 167936K, used 104858K [0x0000000700000000, 0x0000000800000000)
  region size 2048K, 3 young (6144K), 3 survivors (6144K)
 Metaspace       used 120247K, committed 122816K, reserved 1179648K
  class space    used 15673K, committed 16960K, reserved 1048576K
}
Event: 96.098 GC heap before
{Heap before GC invocations=38 (full 0):
 garbage-first heap   total 167936K, used 147866K [0x0000000700000000, 0x0000000800000000)
  region size 2048K, 25 young (51200K), 3 survivors (6144K)
 Metaspace       used 120546K, committed 123200K, reserved 1179648K
  class space    used 15702K, committed 17024K, reserved 1048576K
}
Event: 96.110 GC heap after
{Heap after GC invocations=39 (full 0):
 garbage-first heap   total 167936K, used 109010K [0x0000000700000000, 0x0000000800000000)
  region size 2048K, 3 young (6144K), 3 survivors (6144K)
 Metaspace       used 120546K, committed 123200K, reserved 1179648K
  class space    used 15702K, committed 17024K, reserved 1048576K
}
Event: 96.438 GC heap before
{Heap before GC invocations=40 (full 0):
 garbage-first heap   total 233472K, used 143826K [0x0000000700000000, 0x0000000800000000)
  region size 2048K, 20 young (40960K), 3 survivors (6144K)
 Metaspace       used 120547K, committed 123200K, reserved 1179648K
  class space    used 15702K, committed 17024K, reserved 1048576K
}
Event: 96.443 GC heap after
{Heap after GC invocations=41 (full 0):
 garbage-first heap   total 233472K, used 111238K [0x0000000700000000, 0x0000000800000000)
  region size 2048K, 2 young (4096K), 2 survivors (4096K)
 Metaspace       used 120547K, committed 123200K, reserved 1179648K
  class space    used 15702K, committed 17024K, reserved 1048576K
}
Event: 98.308 GC heap before
{Heap before GC invocations=41 (full 0):
 garbage-first heap   total 233472K, used 201350K [0x0000000700000000, 0x0000000800000000)
  region size 2048K, 46 young (94208K), 2 survivors (4096K)
 Metaspace       used 121089K, committed 123712K, reserved 1179648K
  class space    used 15703K, committed 17024K, reserved 1048576K
}
Event: 98.326 GC heap after
{Heap after GC invocations=42 (full 0):
 garbage-first heap   total 233472K, used 117136K [0x0000000700000000, 0x0000000800000000)
  region size 2048K, 6 young (12288K), 6 survivors (12288K)
 Metaspace       used 121089K, committed 123712K, reserved 1179648K
  class space    used 15703K, committed 17024K, reserved 1048576K
}
Event: 103.244 GC heap before
{Heap before GC invocations=42 (full 0):
 garbage-first heap   total 233472K, used 199056K [0x0000000700000000, 0x0000000800000000)
  region size 2048K, 46 young (94208K), 6 survivors (12288K)
 Metaspace       used 122133K, committed 124736K, reserved 1179648K
  class space    used 15713K, committed 17024K, reserved 1048576K
}
Event: 103.294 GC heap after
{Heap after GC invocations=43 (full 0):
 garbage-first heap   total 233472K, used 128437K [0x0000000700000000, 0x0000000800000000)
  region size 2048K, 6 young (12288K), 6 survivors (12288K)
 Metaspace       used 122133K, committed 124736K, reserved 1179648K
  class space    used 15713K, committed 17024K, reserved 1048576K
}

